mode: set
github.com/mitchelllisle/redacted-go/redacted/utils.go:10.51,20.33 8 0
github.com/mitchelllisle/redacted-go/redacted/utils.go:38.2,38.15 1 0
github.com/mitchelllisle/redacted-go/redacted/utils.go:20.33,24.34 2 0
github.com/mitchelllisle/redacted-go/redacted/utils.go:24.34,26.32 2 0
github.com/mitchelllisle/redacted-go/redacted/utils.go:34.4,34.36 1 0
github.com/mitchelllisle/redacted-go/redacted/utils.go:26.32,33.5 4 0
github.com/mitchelllisle/redacted-go/redacted/utils.go:41.46,42.16 1 1
github.com/mitchelllisle/redacted-go/redacted/utils.go:42.16,44.3 1 0
github.com/mitchelllisle/redacted-go/redacted/anonymiser.go:26.54,29.37 2 1
github.com/mitchelllisle/redacted-go/redacted/anonymiser.go:43.2,43.16 1 1
github.com/mitchelllisle/redacted-go/redacted/anonymiser.go:29.37,30.25 1 1
github.com/mitchelllisle/redacted-go/redacted/anonymiser.go:31.22,32.42 1 0
github.com/mitchelllisle/redacted-go/redacted/anonymiser.go:35.22,36.42 1 1
github.com/mitchelllisle/redacted-go/redacted/anonymiser.go:39.11,40.64 1 0
github.com/mitchelllisle/redacted-go/redacted/anonymiser.go:32.42,34.5 1 0
github.com/mitchelllisle/redacted-go/redacted/anonymiser.go:36.42,38.5 1 1
github.com/mitchelllisle/redacted-go/redacted/anonymiser.go:46.56,49.32 3 1
github.com/mitchelllisle/redacted-go/redacted/anonymiser.go:53.2,57.3 1 1
github.com/mitchelllisle/redacted-go/redacted/anonymiser.go:49.32,52.3 2 1
github.com/mitchelllisle/redacted-go/redacted/fuzzyMatcher.go:25.70,32.2 1 1
github.com/mitchelllisle/redacted-go/redacted/fuzzyMatcher.go:34.51,36.30 2 1
github.com/mitchelllisle/redacted-go/redacted/fuzzyMatcher.go:54.2,54.16 1 1
github.com/mitchelllisle/redacted-go/redacted/fuzzyMatcher.go:36.30,40.31 3 1
github.com/mitchelllisle/redacted-go/redacted/fuzzyMatcher.go:40.31,41.37 1 1
github.com/mitchelllisle/redacted-go/redacted/fuzzyMatcher.go:41.37,51.5 5 1
github.com/mitchelllisle/redacted-go/redacted/fuzzyMatcher.go:57.54,59.28 2 1
github.com/mitchelllisle/redacted-go/redacted/fuzzyMatcher.go:69.2,69.45 1 1
github.com/mitchelllisle/redacted-go/redacted/fuzzyMatcher.go:59.28,61.28 2 1
github.com/mitchelllisle/redacted-go/redacted/fuzzyMatcher.go:63.3,67.5 1 1
github.com/mitchelllisle/redacted-go/redacted/fuzzyMatcher.go:61.28,61.50 1 1
github.com/mitchelllisle/redacted-go/redacted/infoTypes.go:15.35,22.31 3 1
github.com/mitchelllisle/redacted-go/redacted/infoTypes.go:22.31,22.62 1 1
github.com/mitchelllisle/redacted-go/redacted/infoTypes.go:26.29,33.31 3 1
github.com/mitchelllisle/redacted-go/redacted/infoTypes.go:33.31,33.62 1 0
github.com/mitchelllisle/redacted-go/redacted/infoTypes.go:37.33,44.31 3 1
github.com/mitchelllisle/redacted-go/redacted/infoTypes.go:44.31,44.62 1 0
github.com/mitchelllisle/redacted-go/redacted/infoTypes.go:48.34,55.31 3 1
github.com/mitchelllisle/redacted-go/redacted/infoTypes.go:55.31,55.62 1 0
github.com/mitchelllisle/redacted-go/redacted/infoTypes.go:59.23,66.31 3 1
github.com/mitchelllisle/redacted-go/redacted/infoTypes.go:66.31,66.58 1 1
github.com/mitchelllisle/redacted-go/redacted/infoTypes.go:70.29,77.31 3 1
github.com/mitchelllisle/redacted-go/redacted/infoTypes.go:77.31,77.62 1 0
github.com/mitchelllisle/redacted-go/redacted/infoTypes.go:81.40,90.2 3 1
github.com/mitchelllisle/redacted-go/redacted/regexMatcher.go:18.71,20.58 2 1
github.com/mitchelllisle/redacted-go/redacted/regexMatcher.go:26.2,26.18 1 1
github.com/mitchelllisle/redacted-go/redacted/regexMatcher.go:20.58,25.3 1 1
github.com/mitchelllisle/redacted-go/redacted/regexMatcher.go:29.68,31.11 2 1
github.com/mitchelllisle/redacted-go/redacted/regexMatcher.go:34.2,39.27 3 1
github.com/mitchelllisle/redacted-go/redacted/regexMatcher.go:42.2,45.16 4 1
github.com/mitchelllisle/redacted-go/redacted/regexMatcher.go:31.11,33.3 1 1
github.com/mitchelllisle/redacted-go/redacted/regexMatcher.go:39.27,41.3 1 0
github.com/mitchelllisle/redacted-go/redacted/regexMatcher.go:48.63,51.55 3 1
github.com/mitchelllisle/redacted-go/redacted/regexMatcher.go:54.2,54.31 1 1
github.com/mitchelllisle/redacted-go/redacted/regexMatcher.go:57.2,57.13 1 1
github.com/mitchelllisle/redacted-go/redacted/regexMatcher.go:51.55,53.3 1 1
github.com/mitchelllisle/redacted-go/redacted/regexMatcher.go:54.31,56.3 1 1
github.com/mitchelllisle/redacted-go/redacted/regexMatcher.go:60.65,61.63 1 1
github.com/mitchelllisle/redacted-go/redacted/regexMatcher.go:69.2,69.18 1 0
github.com/mitchelllisle/redacted-go/redacted/regexMatcher.go:61.63,62.38 1 1
github.com/mitchelllisle/redacted-go/redacted/regexMatcher.go:62.38,64.37 2 1
github.com/mitchelllisle/redacted-go/redacted/regexMatcher.go:64.37,66.5 1 1
github.com/mitchelllisle/redacted-go/redacted/regexMatcher.go:72.51,76.40 3 1
github.com/mitchelllisle/redacted-go/redacted/regexMatcher.go:88.2,88.16 1 1
github.com/mitchelllisle/redacted-go/redacted/regexMatcher.go:76.40,79.9 3 1
github.com/mitchelllisle/redacted-go/redacted/regexMatcher.go:79.9,86.4 2 1
github.com/mitchelllisle/redacted-go/redacted/regexMatcher.go:91.58,94.32 2 1
github.com/mitchelllisle/redacted-go/redacted/regexMatcher.go:98.2,102.33 4 1
github.com/mitchelllisle/redacted-go/redacted/regexMatcher.go:105.2,112.3 2 1
github.com/mitchelllisle/redacted-go/redacted/regexMatcher.go:94.32,97.3 2 1
github.com/mitchelllisle/redacted-go/redacted/regexMatcher.go:102.33,104.3 1 1
