mode: set
github.com/mitchelllisle/redacted/redacted/regexMatcher.go:19.71,21.58 2 1
github.com/mitchelllisle/redacted/redacted/regexMatcher.go:27.2,27.18 1 1
github.com/mitchelllisle/redacted/redacted/regexMatcher.go:21.58,26.3 1 1
github.com/mitchelllisle/redacted/redacted/regexMatcher.go:30.68,32.11 2 1
github.com/mitchelllisle/redacted/redacted/regexMatcher.go:35.2,40.27 3 1
github.com/mitchelllisle/redacted/redacted/regexMatcher.go:43.2,46.16 4 1
github.com/mitchelllisle/redacted/redacted/regexMatcher.go:32.11,34.3 1 1
github.com/mitchelllisle/redacted/redacted/regexMatcher.go:40.27,42.3 1 0
github.com/mitchelllisle/redacted/redacted/regexMatcher.go:49.63,52.55 3 1
github.com/mitchelllisle/redacted/redacted/regexMatcher.go:55.2,55.31 1 1
github.com/mitchelllisle/redacted/redacted/regexMatcher.go:58.2,58.13 1 1
github.com/mitchelllisle/redacted/redacted/regexMatcher.go:52.55,54.3 1 1
github.com/mitchelllisle/redacted/redacted/regexMatcher.go:55.31,57.3 1 1
github.com/mitchelllisle/redacted/redacted/regexMatcher.go:61.65,62.63 1 1
github.com/mitchelllisle/redacted/redacted/regexMatcher.go:70.2,70.18 1 0
github.com/mitchelllisle/redacted/redacted/regexMatcher.go:62.63,63.38 1 1
github.com/mitchelllisle/redacted/redacted/regexMatcher.go:63.38,65.37 2 1
github.com/mitchelllisle/redacted/redacted/regexMatcher.go:65.37,67.5 1 1
github.com/mitchelllisle/redacted/redacted/regexMatcher.go:73.51,77.40 3 1
github.com/mitchelllisle/redacted/redacted/regexMatcher.go:89.2,89.16 1 1
github.com/mitchelllisle/redacted/redacted/regexMatcher.go:77.40,80.9 3 1
github.com/mitchelllisle/redacted/redacted/regexMatcher.go:80.9,87.4 2 1
github.com/mitchelllisle/redacted/redacted/regexMatcher.go:92.58,95.32 2 1
github.com/mitchelllisle/redacted/redacted/regexMatcher.go:99.2,103.33 4 1
github.com/mitchelllisle/redacted/redacted/regexMatcher.go:106.2,113.32 2 1
github.com/mitchelllisle/redacted/redacted/regexMatcher.go:95.32,98.3 2 1
github.com/mitchelllisle/redacted/redacted/regexMatcher.go:103.33,105.3 1 1
github.com/mitchelllisle/redacted/redacted/regexMatcher.go:113.32,113.45 1 0
github.com/mitchelllisle/redacted/redacted/utils.go:5.46,6.16 1 1
github.com/mitchelllisle/redacted/redacted/utils.go:6.16,8.3 1 0
github.com/mitchelllisle/redacted/redacted/anonymiser.go:26.54,29.37 2 1
github.com/mitchelllisle/redacted/redacted/anonymiser.go:43.2,43.16 1 1
github.com/mitchelllisle/redacted/redacted/anonymiser.go:29.37,30.25 1 1
github.com/mitchelllisle/redacted/redacted/anonymiser.go:31.22,32.42 1 0
github.com/mitchelllisle/redacted/redacted/anonymiser.go:35.22,36.42 1 1
github.com/mitchelllisle/redacted/redacted/anonymiser.go:39.11,40.64 1 0
github.com/mitchelllisle/redacted/redacted/anonymiser.go:32.42,34.5 1 0
github.com/mitchelllisle/redacted/redacted/anonymiser.go:36.42,38.5 1 1
github.com/mitchelllisle/redacted/redacted/anonymiser.go:46.56,49.32 3 1
github.com/mitchelllisle/redacted/redacted/anonymiser.go:53.2,57.3 1 1
github.com/mitchelllisle/redacted/redacted/anonymiser.go:49.32,52.3 2 1
github.com/mitchelllisle/redacted/redacted/fuzzyMatcher.go:25.70,32.2 1 1
github.com/mitchelllisle/redacted/redacted/fuzzyMatcher.go:34.51,36.30 2 1
github.com/mitchelllisle/redacted/redacted/fuzzyMatcher.go:54.2,54.16 1 1
github.com/mitchelllisle/redacted/redacted/fuzzyMatcher.go:36.30,40.31 3 1
github.com/mitchelllisle/redacted/redacted/fuzzyMatcher.go:40.31,41.37 1 1
github.com/mitchelllisle/redacted/redacted/fuzzyMatcher.go:41.37,51.5 5 1
github.com/mitchelllisle/redacted/redacted/fuzzyMatcher.go:57.54,60.28 2 1
github.com/mitchelllisle/redacted/redacted/fuzzyMatcher.go:67.2,67.45 1 1
github.com/mitchelllisle/redacted/redacted/fuzzyMatcher.go:60.28,63.29 1 1
github.com/mitchelllisle/redacted/redacted/fuzzyMatcher.go:63.29,63.53 1 1
github.com/mitchelllisle/redacted/redacted/infoTypes.go:14.35,21.31 3 1
github.com/mitchelllisle/redacted/redacted/infoTypes.go:21.31,21.62 1 1
github.com/mitchelllisle/redacted/redacted/infoTypes.go:25.29,32.31 3 1
github.com/mitchelllisle/redacted/redacted/infoTypes.go:32.31,32.62 1 0
github.com/mitchelllisle/redacted/redacted/infoTypes.go:36.33,43.31 3 1
github.com/mitchelllisle/redacted/redacted/infoTypes.go:43.31,43.62 1 0
github.com/mitchelllisle/redacted/redacted/infoTypes.go:47.34,54.31 3 1
github.com/mitchelllisle/redacted/redacted/infoTypes.go:54.31,54.62 1 0
github.com/mitchelllisle/redacted/redacted/infoTypes.go:58.23,65.31 3 1
github.com/mitchelllisle/redacted/redacted/infoTypes.go:65.31,65.58 1 1
